<?xml version="1.0" encoding="UTF-8"?>
<!-- Generated by org.testng.reporters.JUnitReportReporter -->
<testsuite hostname="DESKTOP-O653DLE" failures="0" tests="1" name="testNgDemos.democlass" time="18.339" errors="0" timestamp="2022-09-27T19:36:08 IST" skipped="0">
  <testcase classname="testNgDemos.democlass" name="login_Test" time="18.339"/>
  <system-out/>
</testsuite> <!-- testNgDemos.democlass -->
